SF:/Users/danchurch/workspace/danielchurch.github.io/dart/Monopoly/lib/game/banker.dart
DA:44,1
DA:45,2
DA:46,1
DA:47,2
DA:48,1
DA:49,5
DA:50,5
DA:51,1
DA:52,5
DA:53,5
DA:54,1
DA:55,4
DA:56,4
DA:57,1
DA:58,2
DA:59,4
DA:60,1
DA:63,4
DA:64,4
DA:65,4
DA:66,4
DA:67,4
DA:68,4
DA:72,0
DA:73,0
DA:74,0
DA:76,0
DA:77,0
DA:78,0
DA:79,0
DA:80,0
DA:82,0
DA:83,0
DA:84,0
DA:88,0
DA:89,0
DA:90,0
DA:96,0
DA:97,0
DA:98,0
DA:100,0
DA:101,0
DA:102,0
DA:103,0
DA:105,0
DA:106,0
DA:107,0
DA:110,0
DA:111,0
DA:116,0
DA:122,0
DA:123,0
DA:127,0
DA:128,0
DA:129,0
DA:132,0
DA:134,0
DA:139,4
DA:147,11
DA:148,0
DA:149,0
DA:151,0
DA:154,0
DA:156,0
DA:157,0
DA:159,0
DA:160,0
DA:161,0
DA:162,0
DA:163,0
DA:164,0
DA:165,0
DA:166,0
DA:169,0
DA:171,0
DA:173,0
DA:174,0
DA:178,2
DA:179,1
DA:182,0
DA:183,0
DA:184,0
DA:185,0
DA:186,0
DA:190,1
DA:191,1
DA:192,1
DA:194,0
DA:195,0
DA:197,0
DA:202,0
DA:207,0
DA:208,0
DA:212,0
DA:213,0
DA:214,0
DA:215,0
DA:216,0
DA:221,1
DA:222,0
DA:225,0
DA:226,0
DA:227,0
DA:232,0
DA:233,2
DA:234,0
DA:236,0
DA:238,0
DA:240,0
DA:241,0
DA:242,0
DA:246,0
DA:247,0
DA:248,0
DA:250,0
DA:252,0
DA:253,0
DA:257,0
DA:258,0
DA:263,0
DA:264,0
DA:269,0
DA:270,0
DA:275,0
DA:276,0
DA:281,0
DA:282,0
DA:293,0
DA:294,0
DA:295,0
DA:296,0
DA:297,0
DA:302,0
DA:303,0
DA:304,0
DA:306,0
DA:307,0
DA:308,0
DA:310,0
DA:311,0
DA:312,0
DA:313,0
DA:314,0
DA:315,0
DA:316,0
DA:317,0
DA:318,0
DA:319,0
DA:320,0
DA:323,0
DA:324,0
DA:329,0
DA:330,0
DA:332,0
DA:333,0
DA:334,0
DA:339,0
DA:340,0
DA:342,0
DA:343,0
DA:344,0
DA:349,0
DA:350,0
DA:352,0
DA:353,0
DA:354,0
DA:359,0
DA:360,0
DA:362,0
DA:363,0
DA:364,0
DA:370,5
DA:372,3
DA:374,4
DA:376,6
DA:378,1
DA:379,1
DA:380,1
DA:381,0
DA:383,3
DA:384,13
DA:389,5
DA:390,6
DA:393,2
DA:394,2
DA:395,2
DA:396,4
DA:397,2
DA:399,3
DA:405,1
DA:408,5
DA:412,2
DA:413,1
DA:414,2
DA:415,3
DA:416,0
DA:423,2
DA:424,2
DA:425,1
DA:429,6
DA:434,0
DA:435,0
DA:444,0
DA:446,0
DA:448,0
DA:450,0
DA:455,0
end_of_record
SF:/Users/danchurch/workspace/danielchurch.github.io/dart/Monopoly/lib/game/player.dart
DA:24,12
DA:26,2
DA:30,4
DA:31,4
DA:33,8
DA:34,2
DA:37,8
DA:41,4
DA:45,1
DA:46,1
DA:47,17
DA:48,18
end_of_record
SF:/Users/danchurch/workspace/danielchurch.github.io/dart/Monopoly/lib/game/modes.dart
DA:11,4
DA:14,2
end_of_record
SF:/Users/danchurch/workspace/danielchurch.github.io/dart/Monopoly/lib/graphics/graphics.dart
DA:9,4
DA:11,6
DA:13,0
DA:14,2
DA:15,2
DA:18,2
DA:19,2
DA:23,0
DA:24,0
DA:25,0
DA:29,0
DA:30,0
DA:31,0
DA:35,0
DA:36,0
DA:40,0
DA:41,0
DA:45,0
DA:46,0
DA:50,0
DA:51,2
DA:55,0
DA:59,2
DA:63,0
DA:67,0
DA:71,1
DA:72,2
DA:74,0
DA:76,0
DA:79,3
DA:80,0
DA:84,0
DA:86,2
DA:91,0
end_of_record
SF:/Users/danchurch/workspace/danielchurch.github.io/dart/Monopoly/lib/graphics/dom.dart
DA:8,4
DA:10,12
DA:14,2
DA:15,6
DA:16,6
DA:18,4
DA:25,0
DA:28,4
DA:29,5
DA:31,12
DA:32,14
DA:40,6
DA:43,4
DA:48,8
DA:53,2
DA:57,2
DA:66,6
DA:67,3
DA:69,0
DA:71,0
end_of_record
SF:/Users/danchurch/workspace/danielchurch.github.io/dart/Monopoly/lib/game/board.dart
DA:58,4
end_of_record
SF:/Users/danchurch/workspace/danielchurch.github.io/dart/Monopoly/lib/game/dice.dart
DA:20,2
DA:21,2
DA:22,4
DA:23,1
DA:26,4
DA:27,2
DA:28,4
DA:29,2
DA:30,2
DA:31,2
DA:32,4
DA:34,6
DA:36,2
DA:48,2
DA:49,5
DA:50,5
DA:51,5
DA:55,3
DA:59,2
DA:61,1
DA:62,6
DA:64,1
DA:65,2
DA:66,2
DA:67,2
DA:69,1
DA:70,2
DA:71,2
DA:72,2
DA:74,1
DA:75,2
DA:76,2
DA:77,2
DA:79,1
DA:80,2
DA:81,2
DA:82,2
DA:84,1
DA:85,2
DA:86,2
DA:87,2
DA:93,2
DA:100,3
DA:102,3
DA:104,3
DA:105,2
DA:106,2
DA:112,3
DA:113,2
DA:114,2
DA:115,2
DA:117,2
DA:118,2
DA:119,2
DA:120,1
end_of_record
SF:/Users/danchurch/workspace/danielchurch.github.io/dart/Monopoly/lib/game/property.dart
DA:22,5
DA:24,2
DA:25,2
DA:26,1
DA:27,6
DA:31,4
DA:32,1
DA:33,2
DA:41,1
DA:43,5
DA:44,4
DA:45,1
DA:46,2
DA:55,2
DA:57,6
DA:58,1
DA:59,2
DA:60,1
DA:68,2
DA:71,1
DA:73,2
DA:75,2
DA:77,2
DA:78,8
DA:79,1
DA:83,4
DA:84,2
DA:86,2
DA:87,8
DA:88,1
DA:92,3
DA:94,3
DA:98,1
DA:99,3
DA:102,1
DA:108,1
DA:109,1
DA:110,1
DA:111,1
DA:112,1
DA:113,1
DA:114,1
DA:115,1
DA:116,1
DA:117,1
DA:118,1
DA:121,1
DA:127,1
DA:129,8
DA:130,2
DA:131,3
DA:132,1
DA:134,8
DA:135,1
DA:136,3
DA:137,1
DA:146,1
DA:148,2
DA:149,2
DA:150,4
DA:152,1
DA:153,1
DA:154,4
DA:162,1
DA:164,5
DA:165,5
DA:166,1
DA:174,1
DA:176,6
DA:177,4
DA:178,1
DA:189,2
DA:192,1
DA:193,2
DA:194,1
DA:196,2
DA:197,10
DA:198,1
DA:200,1
DA:201,1
DA:205,1
DA:206,1
DA:208,13
DA:209,1
DA:210,5
DA:211,5
DA:213,1
DA:214,1
DA:220,1
DA:221,1
DA:232,1
DA:233,2
DA:234,1
DA:239,2
DA:243,1
DA:244,2
end_of_record
SF:/Users/danchurch/workspace/danielchurch.github.io/dart/Monopoly/lib/game/tile.dart
DA:37,5
DA:38,5
DA:39,15
DA:40,4
DA:41,15
DA:42,4
DA:44,4
DA:49,0
DA:50,2
DA:51,18
DA:54,1
DA:56,0
DA:63,0
DA:64,0
DA:65,0
DA:66,0
DA:67,0
DA:68,0
DA:69,0
DA:70,0
DA:71,0
DA:72,0
DA:73,0
DA:76,0
DA:77,0
DA:80,0
DA:81,0
DA:84,0
DA:85,0
DA:87,0
DA:90,0
DA:91,0
DA:98,0
DA:99,0
DA:101,0
DA:102,0
DA:104,0
DA:105,0
DA:106,0
DA:107,0
DA:108,0
DA:109,0
DA:110,0
DA:113,0
end_of_record
SF:/Users/danchurch/workspace/danielchurch.github.io/dart/Monopoly/lib/game/ui.dart
DA:15,1
DA:17,1
DA:18,1
DA:19,1
DA:21,1
DA:22,1
DA:23,2
DA:24,2
DA:25,2
DA:32,1
DA:34,1
DA:36,1
DA:37,1
DA:39,1
DA:40,1
DA:41,2
DA:42,2
DA:43,2
DA:50,1
DA:52,1
DA:53,1
DA:54,1
DA:56,1
DA:57,1
DA:58,2
DA:59,2
DA:60,2
DA:68,1
DA:69,2
DA:70,2
DA:71,2
DA:75,1
DA:79,1
DA:83,1
DA:87,1
DA:91,1
DA:95,1
DA:99,1
DA:100,1
DA:101,1
DA:102,1
DA:103,1
DA:104,1
DA:105,1
DA:107,1
DA:108,2
DA:109,2
DA:110,2
DA:115,1
DA:117,1
DA:118,1
DA:119,1
DA:126,1
DA:128,1
DA:129,1
DA:130,1
DA:137,1
DA:139,1
DA:140,1
DA:141,1
DA:148,1
DA:150,1
DA:151,1
DA:152,1
DA:159,1
DA:161,1
DA:162,1
DA:163,1
DA:170,1
DA:172,1
DA:173,1
DA:174,1
DA:182,1
DA:183,2
DA:184,1
DA:185,2
DA:186,2
DA:187,2
DA:195,1
DA:196,2
DA:197,1
DA:198,2
DA:199,1
DA:200,2
DA:202,1
DA:203,2
DA:205,3
DA:207,0
DA:208,0
DA:216,3
DA:217,1
DA:218,2
DA:219,2
DA:220,2
DA:221,2
DA:223,3
DA:224,3
DA:232,1
DA:233,4
DA:235,1
DA:236,2
DA:237,2
DA:241,1
DA:242,1
DA:243,1
DA:244,2
DA:245,3
DA:246,2
DA:247,2
DA:248,2
DA:249,2
DA:250,2
DA:252,1
DA:253,3
DA:254,3
DA:255,2
DA:256,2
DA:257,2
DA:258,1
DA:259,3
DA:260,3
DA:261,3
DA:262,2
DA:263,2
DA:264,2
DA:265,2
DA:266,2
DA:267,2
DA:269,1
DA:270,2
DA:271,3
DA:272,2
DA:273,2
DA:274,2
DA:276,2
DA:277,0
DA:278,0
DA:279,0
DA:280,0
DA:281,0
DA:282,0
DA:284,2
DA:285,0
DA:286,0
DA:287,0
DA:289,1
DA:290,2
DA:291,4
DA:292,6
DA:293,7
DA:294,3
DA:295,2
DA:299,2
DA:300,1
DA:301,1
DA:302,3
DA:303,5
DA:304,6
end_of_record
